Arguments: 
  C:\Users\mars58\.codemix-store\nodejs\13.1.0\node.exe C:\Program Files (x86)\Yarn\bin\yarn.js install

PATH: 
  C:\Users\mars58\.codemix-store\npm\6.13.0\bin;D:\dev\react-wx-station\wx-station\node_modules\angular-ide\bin;D:\dev\react-wx-station\wx-station\node_modules\.bin;C:\Users\mars58\.codemix-store\nodejs\13.1.0;C:\Users\mars58\bin;C:\Users\mars58\.codemix-store\git-bash\mingw64\bin;C:\Users\mars58\.codemix-store\git-bash\usr\local\bin;C:\Users\mars58\.codemix-store\git-bash\usr\bin;C:\Users\mars58\.codemix-store\git-bash\usr\bin;C:\Users\mars58\.codemix-store\git-bash\mingw64\bin;C:\Users\mars58\.codemix-store\git-bash\usr\bin;C:\Users\mars58\bin;C:\Program Files\Java\jre1.8.0_201\bin\server;C:\Program Files\Java\jre1.8.0_201\bin;C:\Program Files\Java\jre1.8.0_201\lib\amd64;C:\ProgramData\DockerDesktop\version-bin;C:\Program Files\Docker\Docker\Resources\bin;C:\Python37\Scripts;C:\Python37;C:\Program Files (x86)\Common Files\Oracle\Java\javapath;C:\ProgramData\Oracle\Java\javapath;C:\WINDOWS\system32;C:\WINDOWS;C:\WINDOWS\System32\Wbem;C:\WINDOWS\System32\WindowsPowerShell\v1.0;C:\ProgramData\chocolatey\bin;C:\Program Files\Git\cmd;C:\WINDOWS\System32\OpenSSH;D:\Program Files (x86)\Bitvise SSH Client;C:\Program Files\Intel\WiFi\bin;C:\Program Files\Common Files\Intel\WirelessCommon;C:\Program Files\nodejs;C:\Program Files (x86)\Yarn\bin;C:\Users\mars58\AppData\Local\Android\sdk\tools\bin;C:\Users\mars58\AppData\Local\Android\sdk\platform-tools;D:\dev\gradle-5.4.1\bin;C:\Users\mars58\AppData\Local\Microsoft\WindowsApps;C:\Users\mars58\AppData\Local\atom\bin;C:\Program Files\Minikube;C:\Program Files\Intel\WiFi\bin;C:\Program Files\Common Files\Intel\WirelessCommon;C:\Users\mars58\AppData\Roaming\npm;C:\Users\mars58\AppData\Local\Yarn\bin;%USERPROFILE%\AppData\Local\Microsoft\WindowsApps;C:\WINDOWS\system32;C:\Users\mars58\.codemix-store\git-bash\usr\bin\vendor_perl;C:\Users\mars58\.codemix-store\git-bash\usr\bin\core_perl

Yarn version: 
  1.13.0

Node version: 
  13.1.0

Platform: 
  win32 x64

Trace: 
  Error: https://registry.yarnpkg.com/rxjs/-/rxjs-6.5.3.tgz: ESOCKETTIMEDOUT
      at ClientRequest.<anonymous> (C:\Program Files (x86)\Yarn\lib\cli.js:130024:19)
      at Object.onceWrapper (events.js:299:28)
      at ClientRequest.emit (events.js:210:5)
      at TLSSocket.emitRequestTimeout (_http_client.js:691:9)
      at Object.onceWrapper (events.js:299:28)
      at TLSSocket.emit (events.js:210:5)
      at TLSSocket.Socket._onTimeout (net.js:469:8)
      at listOnTimeout (internal/timers.js:531:17)
      at processTimers (internal/timers.js:475:7)

npm manifest: 
  {
    "name": "react-wx-station",
    "version": "1.0.0",
    "description": "Weather Station and Bid Data Tester",
    "main": "src/index.js",
    "keywords": [],
    "author": "",
    "license": "ISC",
    "scripts": {
      "start": "webpack-dev-server --mode development --config config/webpack.base.config.js --open --hot --history-api-fallback --env.PLATFORM=local --env.VERSION=stag",
      "prebuild": "webpack --mode production --config config/webpack.prod.config.js --env.PLATFORM=production --env.VERSION=stag --progress",
      "build": "node server"
    },
    "dependencies": {
      "react": "^16.5.2",
      "react-dom": "^16.5.2",
      "react-redux": "^7.1.3",
      "redux": "^4.0.4",
      "redux-logger": "^3.0.6",
      "redux-observable": "^1.2.0",
      "rxjs": "^6.5.3",
      "rxjs-compat": "^6.5.3"
    },
    "devDependencies": {
      "@babel/core": "^7.0.0",
      "@babel/plugin-proposal-class-properties": "^7.0.0",
      "@babel/plugin-proposal-export-namespace-from": "^7.0.0",
      "@babel/plugin-proposal-throw-expressions": "^7.0.0",
      "@babel/plugin-syntax-dynamic-import": "^7.0.0",
      "@babel/polyfill": "^7.0.0-beta.51",
      "@babel/preset-env": "^7.0.0-beta.51",
      "@babel/preset-react": "^7.0.0-beta.51",
      "babel-loader": "^8.0.0-beta.0",
      "copy-webpack-plugin": "^4.5.1",
      "css-loader": "^0.28.11",
      "html-webpack-plugin": "^3.2.0",
      "mini-css-extract-plugin": "^0.4.3",
      "node-sass": "^4.8.3",
      "optimize-css-assets-webpack-plugin": "^4.0.0",
      "sass-loader": "^7.0.3",
      "style-loader": "^0.21.0",
      "uglifyjs-webpack-plugin": "^1.2.5",
      "webpack": "^4.12.0",
      "webpack-cli": "^3.0.8",
      "webpack-dev-server": "^3.1.4",
      "webpack-merge": "^4.1.3",
      "webpack-visualizer-plugin": "^0.1.11"
    },
    "notes": {}
  }

yarn manifest: 
  No manifest

Lockfile: 
  No lockfile
